# JRE version: Java(TM) SE Runtime Environment (8.0_05-b13) (build 1.8.0_05-b13)
# Java VM: Java HotSpot(TM) 64-Bit Server VM (25.5-b02 mixed mode windows-amd64 compressed oops)
Heap:
 PSYoungGen      total 75264K, used 16193K [0x00000000fab00000, 0x0000000100000000, 0x0000000100000000)
  eden space 63488K, 22% used [0x00000000fab00000,0x00000000fb8c0658,0x00000000fe900000)
  from space 11776K, 17% used [0x00000000ff480000,0x00000000ff690000,0x0000000100000000)
  to   space 11776K, 0% used [0x00000000fe900000,0x00000000fe900000,0x00000000ff480000)
 ParOldGen       total 43520K, used 35020K [0x00000000f0000000, 0x00000000f2a80000, 0x00000000fab00000)
  object space 43520K, 80% used [0x00000000f0000000,0x00000000f2233150,0x00000000f2a80000)
 Metaspace       used 53055K, capacity 53470K, committed 53888K, reserved 1095680K
  class space    used 6952K, capacity 7024K, committed 7040K, reserved 1048576K
GC Heap History (10 events):
Event: 62.227 GC heap before
{Heap before GC invocations=54 (full 5):
 PSYoungGen      total 74752K, used 66272K [0x00000000fab00000, 0x0000000100000000, 0x0000000100000000)
  eden space 63488K, 100% used [0x00000000fab00000,0x00000000fe900000,0x00000000fe900000)
  from space 11264K, 24% used [0x00000000ff400000,0x00000000ff6b8010,0x00000000fff00000)
  to   space 11264K, 0% used [0x00000000fe900000,0x00000000fe900000,0x00000000ff400000)
 ParOldGen       total 36864K, used 33574K [0x00000000f0000000, 0x00000000f2400000, 0x00000000fab00000)
  object space 36864K, 91% used [0x00000000f0000000,0x00000000f20c9a48,0x00000000f2400000)
 Metaspace       used 51595K, capacity 52084K, committed 52480K, reserved 1095680K
  class space    used 6725K, capacity 6825K, committed 6912K, reserved 1048576K
Event: 62.360 GC heap after
Heap after GC invocations=54 (full 5):
 PSYoungGen      total 74752K, used 4977K [0x00000000fab00000, 0x00000000fff00000, 0x0000000100000000)
  eden space 63488K, 0% used [0x00000000fab00000,0x00000000fab00000,0x00000000fe900000)
  from space 11264K, 44% used [0x00000000fe900000,0x00000000feddc428,0x00000000ff400000)
  to   space 10752K, 0% used [0x00000000ff480000,0x00000000ff480000,0x00000000fff00000)
 ParOldGen       total 36864K, used 34294K [0x00000000f0000000, 0x00000000f2400000, 0x00000000fab00000)
  object space 36864K, 93% used [0x00000000f0000000,0x00000000f217da58,0x00000000f2400000)
 Metaspace       used 51595K, capacity 52084K, committed 52480K, reserved 1095680K
  class space    used 6725K, capacity 6825K, committed 6912K, reserved 1048576K
}
Event: 64.622 GC heap before
{Heap before GC invocations=55 (full 5):
 PSYoungGen      total 74752K, used 68465K [0x00000000fab00000, 0x00000000fff00000, 0x0000000100000000)
  eden space 63488K, 100% used [0x00000000fab00000,0x00000000fe900000,0x00000000fe900000)
  from space 11264K, 44% used [0x00000000fe900000,0x00000000feddc428,0x00000000ff400000)
  to   space 10752K, 0% used [0x00000000ff480000,0x00000000ff480000,0x00000000fff00000)
 ParOldGen       total 36864K, used 34294K [0x00000000f0000000, 0x00000000f2400000, 0x00000000fab00000)
  object space 36864K, 93% used [0x00000000f0000000,0x00000000f217da58,0x00000000f2400000)
 Metaspace       used 52499K, capacity 53010K, committed 53376K, reserved 1095680K
  class space    used 6857K, capacity 6958K, committed 7040K, reserved 1048576K
Event: 65.082 GC heap after
Heap after GC invocations=55 (full 5):
 PSYoungGen      total 75264K, used 2872K [0x00000000fab00000, 0x00000000fff80000, 0x0000000100000000)
  eden space 64512K, 0% used [0x00000000fab00000,0x00000000fab00000,0x00000000fea00000)
  from space 10752K, 26% used [0x00000000ff480000,0x00000000ff74e300,0x00000000fff00000)
  to   space 10752K, 0% used [0x00000000fea00000,0x00000000fea00000,0x00000000ff480000)
 ParOldGen       total 36864K, used 35022K [0x00000000f0000000, 0x00000000f2400000, 0x00000000fab00000)
  object space 36864K, 95% used [0x00000000f0000000,0x00000000f2233af0,0x00000000f2400000)
 Metaspace       used 52499K, capacity 53010K, committed 53376K, reserved 1095680K
  class space    used 6857K, capacity 6958K, committed 7040K, reserved 1048576K
}
Event: 65.082 GC heap before
{Heap before GC invocations=56 (full 6):
 PSYoungGen      total 75264K, used 2872K [0x00000000fab00000, 0x00000000fff80000, 0x0000000100000000)
  eden space 64512K, 0% used [0x00000000fab00000,0x00000000fab00000,0x00000000fea00000)
  from space 10752K, 26% used [0x00000000ff480000,0x00000000ff74e300,0x00000000fff00000)
  to   space 10752K, 0% used [0x00000000fea00000,0x00000000fea00000,0x00000000ff480000)
 ParOldGen       total 36864K, used 35022K [0x00000000f0000000, 0x00000000f2400000, 0x00000000fab00000)
  object space 36864K, 95% used [0x00000000f0000000,0x00000000f2233af0,0x00000000f2400000)
 Metaspace       used 52499K, capacity 53010K, committed 53376K, reserved 1095680K
  class space    used 6857K, capacity 6958K, committed 7040K, reserved 1048576K
Event: 65.580 GC heap after
Heap after GC invocations=56 (full 6):
 PSYoungGen      total 75264K, used 0K [0x00000000fab00000, 0x00000000fff80000, 0x0000000100000000)
  eden space 64512K, 0% used [0x00000000fab00000,0x00000000fab00000,0x00000000fea00000)
  from space 10752K, 0% used [0x00000000ff480000,0x00000000ff480000,0x00000000fff00000)
  to   space 10752K, 0% used [0x00000000fea00000,0x00000000fea00000,0x00000000ff480000)
 ParOldGen       total 43520K, used 34444K [0x00000000f0000000, 0x00000000f2a80000, 0x00000000fab00000)
  object space 43520K, 79% used [0x00000000f0000000,0x00000000f21a3150,0x00000000f2a80000)
 Metaspace       used 52499K, capacity 53010K, committed 53376K, reserved 1095680K
  class space    used 6857K, capacity 6958K, committed 7040K, reserved 1048576K
}
Event: 66.247 GC heap before
{Heap before GC invocations=57 (full 6):
 PSYoungGen      total 75264K, used 64512K [0x00000000fab00000, 0x00000000fff80000, 0x0000000100000000)
  eden space 64512K, 100% used [0x00000000fab00000,0x00000000fea00000,0x00000000fea00000)
  from space 10752K, 0% used [0x00000000ff480000,0x00000000ff480000,0x00000000fff00000)
  to   space 10752K, 0% used [0x00000000fea00000,0x00000000fea00000,0x00000000ff480000)
 ParOldGen       total 43520K, used 34444K [0x00000000f0000000, 0x00000000f2a80000, 0x00000000fab00000)
  object space 43520K, 79% used [0x00000000f0000000,0x00000000f21a3150,0x00000000f2a80000)
 Metaspace       used 52578K, capacity 53074K, committed 53376K, reserved 1095680K
  class space    used 6869K, capacity 6958K, committed 7040K, reserved 1048576K
Event: 66.278 GC heap after
Heap after GC invocations=57 (full 6):
 PSYoungGen      total 75264K, used 8951K [0x00000000fab00000, 0x0000000100000000, 0x0000000100000000)
  eden space 64512K, 0% used [0x00000000fab00000,0x00000000fab00000,0x00000000fea00000)
  from space 10752K, 83% used [0x00000000fea00000,0x00000000ff2bdd40,0x00000000ff480000)
  to   space 11776K, 0% used [0x00000000ff480000,0x00000000ff480000,0x0000000100000000)
 ParOldGen       total 43520K, used 34444K [0x00000000f0000000, 0x00000000f2a80000, 0x00000000fab00000)
  object space 43520K, 79% used [0x00000000f0000000,0x00000000f21a3150,0x00000000f2a80000)
 Metaspace       used 52578K, capacity 53074K, committed 53376K, reserved 1095680K
  class space    used 6869K, capacity 6958K, committed 7040K, reserved 1048576K
}
Event: 66.986 GC heap before
{Heap before GC invocations=58 (full 6):
 PSYoungGen      total 75264K, used 73463K [0x00000000fab00000, 0x0000000100000000, 0x0000000100000000)
  eden space 64512K, 100% used [0x00000000fab00000,0x00000000fea00000,0x00000000fea00000)
  from space 10752K, 83% used [0x00000000fea00000,0x00000000ff2bdd40,0x00000000ff480000)
  to   space 11776K, 0% used [0x00000000ff480000,0x00000000ff480000,0x0000000100000000)
 ParOldGen       total 43520K, used 34444K [0x00000000f0000000, 0x00000000f2a80000, 0x00000000fab00000)
  object space 43520K, 79% used [0x00000000f0000000,0x00000000f21a3150,0x00000000f2a80000)
 Metaspace       used 53043K, capacity 53470K, committed 53888K, reserved 1095680K
  class space    used 6951K, capacity 7024K, committed 7040K, reserved 1048576K
Event: 67.080 GC heap after
Heap after GC invocations=58 (full 6):
 PSYoungGen      total 75264K, used 2112K [0x00000000fab00000, 0x0000000100000000, 0x0000000100000000)
  eden space 63488K, 0% used [0x00000000fab00000,0x00000000fab00000,0x00000000fe900000)
  from space 11776K, 17% used [0x00000000ff480000,0x00000000ff690000,0x0000000100000000)
  to   space 11776K, 0% used [0x00000000fe900000,0x00000000fe900000,0x00000000ff480000)
 ParOldGen       total 43520K, used 35020K [0x00000000f0000000, 0x00000000f2a80000, 0x00000000fab00000)
  object space 43520K, 80% used [0x00000000f0000000,0x00000000f2233150,0x00000000f2a80000)
 Metaspace       used 53043K, capacity 53470K, committed 53888K, reserved 1095680K
  class space    used 6951K, capacity 7024K, committed 7040K, reserved 1048576K
}

